Flow report for processador_instrucoes
Tue Jun 02 22:20:28 2026
Quartus II 64-Bit Version 13.0.0 Build 156 04/24/2013 SJ Web Edition


---------------------
; Table of Contents ;
---------------------
  1. Legal Notice
  2. Flow Summary
  3. Flow Settings
  4. Flow Non-Default Global Settings
  5. Flow Elapsed Time
  6. Flow OS Summary
  7. Flow Log
  8. Flow Messages
  9. Flow Suppressed Messages



----------------
; Legal Notice ;
----------------
Copyright (C) 1991-2013 Altera Corporation
Your use of Altera Corporation's design tools, logic functions 
and other software and tools, and its AMPP partner logic 
functions, and any output files from any of the foregoing 
(including device programming or simulation files), and any 
associated documentation or information are expressly subject 
to the terms and conditions of the Altera Program License 
Subscription Agreement, Altera MegaCore Function License 
Agreement, or other applicable license agreement, including, 
without limitation, that your use is for the sole purpose of 
programming logic devices manufactured by Altera and sold by 
Altera or its authorized distributors.  Please refer to the 
applicable agreement for further details.



+---------------------------------------------------------------------------------+
; Flow Summary                                                                    ;
+------------------------------------+--------------------------------------------+
; Flow Status                        ; Successful - Tue Jun 02 22:20:28 2026      ;
; Quartus II 64-Bit Version          ; 13.0.0 Build 156 04/24/2013 SJ Web Edition ;
; Revision Name                      ; processador_instrucoes                     ;
; Top-level Entity Name              ; rtl                                        ;
; Family                             ; Cyclone II                                 ;
; Device                             ; EP2C35F672C6                               ;
; Timing Models                      ; Final                                      ;
; Total logic elements               ; 12 / 33,216 ( < 1 % )                      ;
;     Total combinational functions  ; 11 / 33,216 ( < 1 % )                      ;
;     Dedicated logic registers      ; 11 / 33,216 ( < 1 % )                      ;
; Total registers                    ; 11                                         ;
; Total pins                         ; 9 / 475 ( 2 % )                            ;
; Total virtual pins                 ; 0                                          ;
; Total memory bits                  ; 0 / 483,840 ( 0 % )                        ;
; Embedded Multiplier 9-bit elements ; 0 / 70 ( 0 % )                             ;
; Total PLLs                         ; 0 / 4 ( 0 % )                              ;
+------------------------------------+--------------------------------------------+


+--------------------------------------------+
; Flow Settings                              ;
+-------------------+------------------------+
; Option            ; Setting                ;
+-------------------+------------------------+
; Start date & time ; 06/02/2026 22:19:17    ;
; Main task         ; Compilation            ;
; Revision Name     ; processador_instrucoes ;
+-------------------+------------------------+


+------------------------------------------------------------------------------------------------------------------------------+
; Flow Non-Default Global Settings                                                                                             ;
+-------------------------------------+--------------------------------+------------------------+-------------+----------------+
; Assignment Name                     ; Value                          ; Default Value          ; Entity Name ; Section Id     ;
+-------------------------------------+--------------------------------+------------------------+-------------+----------------+
; COMPILER_SIGNATURE_ID               ; 35490522530437.178044955703096 ; --                     ; --          ; --             ;
; EDA_GENERATE_FUNCTIONAL_NETLIST     ; On                             ; --                     ; --          ; eda_simulation ;
; EDA_OUTPUT_DATA_FORMAT              ; Verilog Hdl                    ; --                     ; --          ; eda_simulation ;
; EDA_SIMULATION_TOOL                 ; ModelSim-Altera (Verilog)      ; <None>                 ; --          ; --             ;
; MAX_CORE_JUNCTION_TEMP              ; 85                             ; --                     ; --          ; --             ;
; MIN_CORE_JUNCTION_TEMP              ; 0                              ; --                     ; --          ; --             ;
; PARTITION_COLOR                     ; 16764057                       ; --                     ; rtl         ; Top            ;
; PARTITION_FITTER_PRESERVATION_LEVEL ; PLACEMENT_AND_ROUTING          ; --                     ; rtl         ; Top            ;
; PARTITION_NETLIST_TYPE              ; SOURCE                         ; --                     ; rtl         ; Top            ;
; PROJECT_OUTPUT_DIRECTORY            ; output_files                   ; --                     ; --          ; --             ;
; TOP_LEVEL_ENTITY                    ; rtl                            ; processador_instrucoes ; --          ; --             ;
+-------------------------------------+--------------------------------+------------------------+-------------+----------------+


+-------------------------------------------------------------------------------------------------------------------------------+
; Flow Elapsed Time                                                                                                             ;
+---------------------------+--------------+-------------------------+---------------------+------------------------------------+
; Module Name               ; Elapsed Time ; Average Processors Used ; Peak Virtual Memory ; Total CPU Time (on all processors) ;
+---------------------------+--------------+-------------------------+---------------------+------------------------------------+
; Analysis & Synthesis      ; 00:00:12     ; 1.0                     ; 4633 MB             ; 00:00:03                           ;
; Fitter                    ; 00:00:24     ; 1.0                     ; 4877 MB             ; 00:00:12                           ;
; Assembler                 ; 00:00:06     ; 1.0                     ; 4559 MB             ; 00:00:04                           ;
; TimeQuest Timing Analyzer ; 00:00:06     ; 1.0                     ; 4536 MB             ; 00:00:02                           ;
; EDA Netlist Writer        ; 00:00:02     ; 1.0                     ; 4507 MB             ; 00:00:01                           ;
; Total                     ; 00:00:50     ; --                      ; --                  ; 00:00:22                           ;
+---------------------------+--------------+-------------------------+---------------------+------------------------------------+


+----------------------------------------------------------------------------------------+
; Flow OS Summary                                                                        ;
+---------------------------+------------------+-----------+------------+----------------+
; Module Name               ; Machine Hostname ; OS Name   ; OS Version ; Processor type ;
+---------------------------+------------------+-----------+------------+----------------+
; Analysis & Synthesis      ; DESKTOP-QIP7VLQ  ; Windows 7 ; 6.2        ; x86_64         ;
; Fitter                    ; DESKTOP-QIP7VLQ  ; Windows 7 ; 6.2        ; x86_64         ;
; Assembler                 ; DESKTOP-QIP7VLQ  ; Windows 7 ; 6.2        ; x86_64         ;
; TimeQuest Timing Analyzer ; DESKTOP-QIP7VLQ  ; Windows 7 ; 6.2        ; x86_64         ;
; EDA Netlist Writer        ; DESKTOP-QIP7VLQ  ; Windows 7 ; 6.2        ; x86_64         ;
+---------------------------+------------------+-----------+------------+----------------+


------------
; Flow Log ;
------------
quartus_map --read_settings_files=on --write_settings_files=off processador_instrucoes -c processador_instrucoes
quartus_fit --read_settings_files=off --write_settings_files=off processador_instrucoes -c processador_instrucoes
quartus_asm --read_settings_files=off --write_settings_files=off processador_instrucoes -c processador_instrucoes
quartus_sta processador_instrucoes -c processador_instrucoes
quartus_eda --read_settings_files=off --write_settings_files=off processador_instrucoes -c processador_instrucoes



